<?xml version="1.0" encoding="UTF-8"?>
<!-- Generated by org.testng.reporters.JUnitXMLReporter -->
<testsuite ignored="0" hostname="Ranjeet-MacBook-Pro.local" failures="0" tests="1" name="Test" time="9.538" errors="0" timestamp="2024-08-20T08:34:03 IST">
  <testcase classname="Com.Ecommerce.BaseClass.Ecommerce_BaseClass" name="@BeforeMethod initialization" time="9.471">
    <failure type="java.lang.NullPointerException">
      <![CDATA[java.lang.NullPointerException
at java.base/java.util.Objects.requireNonNull(Objects.java:208)
at java.base/java.util.ImmutableCollections$Map1.<init>(ImmutableCollections.java:1105)
at java.base/java.util.Map.of(Map.java:1353)
at org.openqa.selenium.remote.DriverCommand.GET(DriverCommand.java:180)
at org.openqa.selenium.remote.RemoteWebDriver.get(RemoteWebDriver.java:301)
at Com.Ecommerce.BaseClass.Ecommerce_BaseClass.initialization(Ecommerce_BaseClass.java:64)
at java.base/java.util.ArrayList.forEach(ArrayList.java:1511)
... Removed 29 stack frames]]>
    </failure>
  </testcase> <!-- @BeforeMethod initialization -->
  <testcase classname="Com.Ecommerce.BaseClass.Ecommerce_BaseClass" name="@AfterMethod Teardown" time="0.0">
    <skipped/>
  </testcase> <!-- @AfterMethod Teardown -->
  <testcase classname="Com.Ecommerce.TestCases.TC_NewRegistration" name="Registration" time="0.001">
    <skipped/>
  </testcase> <!-- Registration -->
</testsuite> <!-- Test -->
